<?xml version="1.0" encoding="UTF-8"?>
<testng-results ignored="0" total="1" passed="1" failed="0" skipped="0">
  <reporter-output>
    <line>
      <![CDATA[Open Chrome Browser in Local System]]>
    </line>
    <line>
      <![CDATA[Enter the URL:https://pos.aksharatraining.in/pos/public/]]>
    </line>
    <line>
      <![CDATA[Maximize the Browser]]>
    </line>
    <line>
      <![CDATA[Set ITO]]>
    </line>
    <line>
      <![CDATA[Set ETO]]>
    </line>
    <line>
      <![CDATA[Error Msg is Displayed]]>
    </line>
    <line>
      <![CDATA[Close the Browser]]>
    </line>
  </reporter-output>
  <suite started-at="2025-02-12T08:42:04 IST" name="Default suite" finished-at="2025-02-12T08:42:08 IST" duration-ms="4679">
    <groups>
    </groups>
    <test started-at="2025-02-12T08:42:04 IST" name="Default test" finished-at="2025-02-12T08:42:08 IST" duration-ms="4679">
      <class name="script.InvalidLogin">
        <test-method is-config="true" signature="preCondition(java.lang.String,java.lang.String,java.lang.String,java.lang.String)[pri:0, instance:script.InvalidLogin@72967906]" started-at="2025-02-12T08:42:04 IST" name="preCondition" finished-at="2025-02-12T08:42:07 IST" duration-ms="3072" status="PASS">
          <params>
            <param index="0">
              <value>
                <![CDATA[chrome]]>
              </value>
            </param>
            <param index="1">
              <value>
                <![CDATA[no]]>
              </value>
            </param>
            <param index="2">
              <value>
                <![CDATA[]]>
              </value>
            </param>
            <param index="3">
              <value>
                <![CDATA[https://pos.aksharatraining.in/pos/public/]]>
              </value>
            </param>
          </params>
          <reporter-output>
            <line>
              <![CDATA[Open Chrome Browser in Local System]]>
            </line>
            <line>
              <![CDATA[Enter the URL:https://pos.aksharatraining.in/pos/public/]]>
            </line>
            <line>
              <![CDATA[Maximize the Browser]]>
            </line>
            <line>
              <![CDATA[Set ITO]]>
            </line>
            <line>
              <![CDATA[Set ETO]]>
            </line>
          </reporter-output>
        </test-method> <!-- preCondition -->
        <test-method signature="testInvalidLogin()[pri:2, instance:script.InvalidLogin@72967906]" started-at="2025-02-12T08:42:07 IST" name="testInvalidLogin" finished-at="2025-02-12T08:42:08 IST" duration-ms="949" status="PASS">
          <reporter-output>
            <line>
              <![CDATA[Error Msg is Displayed]]>
            </line>
          </reporter-output>
        </test-method> <!-- testInvalidLogin -->
        <test-method is-config="true" signature="postCondition()[pri:0, instance:script.InvalidLogin@72967906]" started-at="2025-02-12T08:42:08 IST" name="postCondition" finished-at="2025-02-12T08:42:08 IST" duration-ms="614" status="PASS">
          <reporter-output>
            <line>
              <![CDATA[Close the Browser]]>
            </line>
          </reporter-output>
        </test-method> <!-- postCondition -->
      </class> <!-- script.InvalidLogin -->
    </test> <!-- Default test -->
  </suite> <!-- Default suite -->
</testng-results>
